2025-07-31T01:38:27.475+05:00  INFO 15768 --- [main] c.e.n.NotificationServiceApplicationKt   : Starting NotificationServiceApplicationKt using Java 17 with PID 15768 (C:\demo\notification\build\classes\kotlin\main started by novik in C:\demo)
2025-07-31T01:38:27.478+05:00  INFO 15768 --- [main] c.e.n.NotificationServiceApplicationKt   : No active profile set, falling back to 1 default profile: "default"
2025-07-31T01:38:28.593+05:00  INFO 15768 --- [main] .s.d.r.c.RepositoryConfigurationDelegate : Bootstrapping Spring Data JPA repositories in DEFAULT mode.
2025-07-31T01:38:28.616+05:00  INFO 15768 --- [main] .s.d.r.c.RepositoryConfigurationDelegate : Finished Spring Data repository scanning in 14 ms. Found 0 JPA repository interfaces.
2025-07-31T01:38:28.991+05:00  INFO 15768 --- [main] o.s.b.w.embedded.tomcat.TomcatWebServer  : Tomcat initialized with port 8081 (http)
2025-07-31T01:38:29.001+05:00  INFO 15768 --- [main] o.apache.catalina.core.StandardService   : Starting service [Tomcat]
2025-07-31T01:38:29.003+05:00  INFO 15768 --- [main] o.apache.catalina.core.StandardEngine    : Starting Servlet engine: [Apache Tomcat/10.1.43]
2025-07-31T01:38:29.055+05:00  INFO 15768 --- [main] o.a.c.c.C.[Tomcat].[localhost].[/]       : Initializing Spring embedded WebApplicationContext
2025-07-31T01:38:29.055+05:00  INFO 15768 --- [main] w.s.c.ServletWebServerApplicationContext : Root WebApplicationContext: initialization completed in 1531 ms
2025-07-31T01:38:29.245+05:00  INFO 15768 --- [main] o.hibernate.jpa.internal.util.LogHelper  : HHH000204: Processing PersistenceUnitInfo [name: default]
2025-07-31T01:38:29.297+05:00  INFO 15768 --- [main] org.hibernate.Version                    : HHH000412: Hibernate ORM core version 6.6.22.Final
2025-07-31T01:38:29.329+05:00  INFO 15768 --- [main] o.h.c.internal.RegionFactoryInitiator    : HHH000026: Second-level cache disabled
2025-07-31T01:38:29.552+05:00  INFO 15768 --- [main] o.s.o.j.p.SpringPersistenceUnitInfo      : No LoadTimeWeaver setup: ignoring JPA class transformer
2025-07-31T01:38:29.573+05:00  INFO 15768 --- [main] com.zaxxer.hikari.HikariDataSource       : HikariPool-1 - Starting...
2025-07-31T01:38:29.728+05:00  INFO 15768 --- [main] com.zaxxer.hikari.pool.HikariPool        : HikariPool-1 - Added connection org.postgresql.jdbc.PgConnection@644947ee
2025-07-31T01:38:29.730+05:00  INFO 15768 --- [main] com.zaxxer.hikari.HikariDataSource       : HikariPool-1 - Start completed.
2025-07-31T01:38:29.759+05:00  WARN 15768 --- [main] org.hibernate.orm.deprecation            : HHH90000025: PostgreSQLDialect does not need to be specified explicitly using 'hibernate.dialect' (remove the property setting and it will be selected by default)
2025-07-31T01:38:29.780+05:00  INFO 15768 --- [main] org.hibernate.orm.connections.pooling    : HHH10001005: Database info:
	Database JDBC URL [Connecting through datasource 'HikariDataSource (HikariPool-1)']
	Database driver: undefined/unknown
	Database version: 16.1
	Autocommit mode: undefined/unknown
	Isolation level: undefined/unknown
	Minimum pool size: undefined/unknown
	Maximum pool size: undefined/unknown
2025-07-31T01:38:30.008+05:00  INFO 15768 --- [main] o.h.e.t.j.p.i.JtaPlatformInitiator       : HHH000489: No JTA platform available (set 'hibernate.transaction.jta.platform' to enable JTA platform integration)
2025-07-31T01:38:30.014+05:00  INFO 15768 --- [main] j.LocalContainerEntityManagerFactoryBean : Initialized JPA EntityManagerFactory for persistence unit 'default'
2025-07-31T01:38:30.050+05:00  INFO 15768 --- [main] c.e.n.service.ReminderScheduler          : ReminderScheduler started
2025-07-31T01:38:30.122+05:00  WARN 15768 --- [main] JpaBaseConfiguration$JpaWebConfiguration : spring.jpa.open-in-view is enabled by default. Therefore, database queries may be performed during view rendering. Explicitly configure spring.jpa.open-in-view to disable this warning
2025-07-31T01:38:30.583+05:00  INFO 15768 --- [main] o.s.b.a.e.web.EndpointLinksResolver      : Exposing 1 endpoint beneath base path '/actuator'
2025-07-31T01:38:30.687+05:00  INFO 15768 --- [main] o.s.b.w.embedded.tomcat.TomcatWebServer  : Tomcat started on port 8081 (http) with context path '/'
2025-07-31T01:38:30.712+05:00  INFO 15768 --- [main] o.a.k.clients.consumer.ConsumerConfig    : ConsumerConfig values: 
	allow.auto.create.topics = true
	auto.commit.interval.ms = 5000
	auto.include.jmx.reporter = true
	auto.offset.reset = earliest
	bootstrap.servers = [localhost:29092 spring.kafka.consumer.key-deserializer=org.springframework.kafka.support.serializer.ErrorHandlingDeserializer]
	check.crcs = true
	client.dns.lookup = use_all_dns_ips
	client.id = consumer-notification-service-group-1
	client.rack = 
	connections.max.idle.ms = 540000
	default.api.timeout.ms = 60000
	enable.auto.commit = false
	enable.metrics.push = true
	exclude.internal.topics = true
	fetch.max.bytes = 52428800
	fetch.max.wait.ms = 500
	fetch.min.bytes = 1
	group.id = notification-service-group
	group.instance.id = null
	group.protocol = classic
	group.remote.assignor = null
	heartbeat.interval.ms = 3000
	interceptor.classes = []
	internal.leave.group.on.close = true
	internal.throw.on.fetch.stable.offset.unsupported = false
	isolation.level = read_uncommitted
	key.deserializer = class org.springframework.kafka.support.serializer.ErrorHandlingDeserializer
	max.partition.fetch.bytes = 1048576
	max.poll.interval.ms = 300000
	max.poll.records = 500
	metadata.max.age.ms = 300000
	metadata.recovery.strategy = none
	metric.reporters = []
	metrics.num.samples = 2
	metrics.recording.level = INFO
	metrics.sample.window.ms = 30000
	partition.assignment.strategy = [class org.apache.kafka.clients.consumer.RangeAssignor, class org.apache.kafka.clients.consumer.CooperativeStickyAssignor]
	receive.buffer.bytes = 65536
	reconnect.backoff.max.ms = 1000
	reconnect.backoff.ms = 50
	request.timeout.ms = 30000
	retry.backoff.max.ms = 1000
	retry.backoff.ms = 100
	sasl.client.callback.handler.class = null
	sasl.jaas.config = null
	sasl.kerberos.kinit.cmd = /usr/bin/kinit
	sasl.kerberos.min.time.before.relogin = 60000
	sasl.kerberos.service.name = null
	sasl.kerberos.ticket.renew.jitter = 0.05
	sasl.kerberos.ticket.renew.window.factor = 0.8
	sasl.login.callback.handler.class = null
	sasl.login.class = null
	sasl.login.connect.timeout.ms = null
	sasl.login.read.timeout.ms = null
	sasl.login.refresh.buffer.seconds = 300
	sasl.login.refresh.min.period.seconds = 60
	sasl.login.refresh.window.factor = 0.8
	sasl.login.refresh.window.jitter = 0.05
	sasl.login.retry.backoff.max.ms = 10000
	sasl.login.retry.backoff.ms = 100
	sasl.mechanism = GSSAPI
	sasl.oauthbearer.clock.skew.seconds = 30
	sasl.oauthbearer.expected.audience = null
	sasl.oauthbearer.expected.issuer = null
	sasl.oauthbearer.header.urlencode = false
	sasl.oauthbearer.jwks.endpoint.refresh.ms = 3600000
	sasl.oauthbearer.jwks.endpoint.retry.backoff.max.ms = 10000
	sasl.oauthbearer.jwks.endpoint.retry.backoff.ms = 100
	sasl.oauthbearer.jwks.endpoint.url = null
	sasl.oauthbearer.scope.claim.name = scope
	sasl.oauthbearer.sub.claim.name = sub
	sasl.oauthbearer.token.endpoint.url = null
	security.protocol = PLAINTEXT
	security.providers = null
	send.buffer.bytes = 131072
	session.timeout.ms = 45000
	socket.connection.setup.timeout.max.ms = 30000
	socket.connection.setup.timeout.ms = 10000
	ssl.cipher.suites = null
	ssl.enabled.protocols = [TLSv1.2, TLSv1.3]
	ssl.endpoint.identification.algorithm = https
	ssl.engine.factory.class = null
	ssl.key.password = null
	ssl.keymanager.algorithm = SunX509
	ssl.keystore.certificate.chain = null
	ssl.keystore.key = null
	ssl.keystore.location = null
	ssl.keystore.password = null
	ssl.keystore.type = JKS
	ssl.protocol = TLSv1.3
	ssl.provider = null
	ssl.secure.random.implementation = null
	ssl.trustmanager.algorithm = PKIX
	ssl.truststore.certificates = null
	ssl.truststore.location = null
	ssl.truststore.password = null
	ssl.truststore.type = JKS
	value.deserializer = class org.springframework.kafka.support.serializer.ErrorHandlingDeserializer

2025-07-31T01:38:30.744+05:00  INFO 15768 --- [main] o.a.k.c.t.i.KafkaMetricsCollector        : initializing Kafka metrics collector
2025-07-31T01:38:30.849+05:00  INFO 15768 --- [main] o.apache.kafka.common.metrics.Metrics    : Metrics scheduler closed
2025-07-31T01:38:30.849+05:00  INFO 15768 --- [main] o.apache.kafka.common.metrics.Metrics    : Closing reporter org.apache.kafka.common.metrics.JmxReporter
2025-07-31T01:38:30.849+05:00  INFO 15768 --- [main] o.apache.kafka.common.metrics.Metrics    : Closing reporter org.apache.kafka.common.telemetry.internals.ClientTelemetryReporter
2025-07-31T01:38:30.850+05:00  INFO 15768 --- [main] o.apache.kafka.common.metrics.Metrics    : Metrics reporters closed
2025-07-31T01:38:30.851+05:00  INFO 15768 --- [main] o.a.kafka.common.utils.AppInfoParser     : App info kafka.consumer for consumer-notification-service-group-1 unregistered
2025-07-31T01:38:30.853+05:00  INFO 15768 --- [main] o.s.b.w.e.tomcat.GracefulShutdown        : Commencing graceful shutdown. Waiting for active requests to complete
2025-07-31T01:38:31.406+05:00  INFO 15768 --- [tomcat-shutdown] o.s.b.w.e.tomcat.GracefulShutdown        : Graceful shutdown complete
2025-07-31T01:38:31.408+05:00  WARN 15768 --- [main] ConfigServletWebServerApplicationContext : Exception encountered during context initialization - cancelling refresh attempt: org.springframework.context.ApplicationContextException: Failed to start bean 'org.springframework.kafka.config.internalKafkaListenerEndpointRegistry'
2025-07-31T01:38:31.413+05:00  INFO 15768 --- [main] j.LocalContainerEntityManagerFactoryBean : Closing JPA EntityManagerFactory for persistence unit 'default'
2025-07-31T01:38:31.416+05:00  INFO 15768 --- [main] com.zaxxer.hikari.HikariDataSource       : HikariPool-1 - Shutdown initiated...
2025-07-31T01:38:31.422+05:00  INFO 15768 --- [main] com.zaxxer.hikari.HikariDataSource       : HikariPool-1 - Shutdown completed.
2025-07-31T01:38:31.449+05:00  INFO 15768 --- [main] .s.b.a.l.ConditionEvaluationReportLogger : 

Error starting ApplicationContext. To display the condition evaluation report re-run your application with 'debug' enabled.
2025-07-31T01:38:31.474+05:00 ERROR 15768 --- [main] o.s.boot.SpringApplication               : Application run failed

org.springframework.context.ApplicationContextException: Failed to start bean 'org.springframework.kafka.config.internalKafkaListenerEndpointRegistry'
	at org.springframework.context.support.DefaultLifecycleProcessor.doStart(DefaultLifecycleProcessor.java:408) ~[spring-context-6.2.9.jar:6.2.9]
	at org.springframework.context.support.DefaultLifecycleProcessor.doStart(DefaultLifecycleProcessor.java:394) ~[spring-context-6.2.9.jar:6.2.9]
	at org.springframework.context.support.DefaultLifecycleProcessor$LifecycleGroup.start(DefaultLifecycleProcessor.java:586) ~[spring-context-6.2.9.jar:6.2.9]
	at java.base/java.lang.Iterable.forEach(Iterable.java:75) ~[na:na]
	at org.springframework.context.support.DefaultLifecycleProcessor.startBeans(DefaultLifecycleProcessor.java:364) ~[spring-context-6.2.9.jar:6.2.9]
	at org.springframework.context.support.DefaultLifecycleProcessor.onRefresh(DefaultLifecycleProcessor.java:310) ~[spring-context-6.2.9.jar:6.2.9]
	at org.springframework.context.support.AbstractApplicationContext.finishRefresh(AbstractApplicationContext.java:1006) ~[spring-context-6.2.9.jar:6.2.9]
	at org.springframework.context.support.AbstractApplicationContext.refresh(AbstractApplicationContext.java:630) ~[spring-context-6.2.9.jar:6.2.9]
	at org.springframework.boot.web.servlet.context.ServletWebServerApplicationContext.refresh(ServletWebServerApplicationContext.java:146) ~[spring-boot-3.5.4.jar:3.5.4]
	at org.springframework.boot.SpringApplication.refresh(SpringApplication.java:752) ~[spring-boot-3.5.4.jar:3.5.4]
	at org.springframework.boot.SpringApplication.refreshContext(SpringApplication.java:439) ~[spring-boot-3.5.4.jar:3.5.4]
	at org.springframework.boot.SpringApplication.run(SpringApplication.java:318) ~[spring-boot-3.5.4.jar:3.5.4]
	at org.springframework.boot.SpringApplication.run(SpringApplication.java:1361) ~[spring-boot-3.5.4.jar:3.5.4]
	at org.springframework.boot.SpringApplication.run(SpringApplication.java:1350) ~[spring-boot-3.5.4.jar:3.5.4]
	at com.example.notification_service.NotificationServiceApplicationKt.main(NotificationServiceApplication.kt:13) ~[main/:na]
Caused by: org.apache.kafka.common.KafkaException: Failed to construct kafka consumer
	at org.apache.kafka.clients.consumer.internals.ClassicKafkaConsumer.<init>(ClassicKafkaConsumer.java:270) ~[kafka-clients-3.9.1.jar:na]
	at org.apache.kafka.clients.consumer.internals.ConsumerDelegateCreator.create(ConsumerDelegateCreator.java:65) ~[kafka-clients-3.9.1.jar:na]
	at org.apache.kafka.clients.consumer.KafkaConsumer.<init>(KafkaConsumer.java:600) ~[kafka-clients-3.9.1.jar:na]
	at org.apache.kafka.clients.consumer.KafkaConsumer.<init>(KafkaConsumer.java:595) ~[kafka-clients-3.9.1.jar:na]
	at org.springframework.kafka.core.DefaultKafkaConsumerFactory$ExtendedKafkaConsumer.<init>(DefaultKafkaConsumerFactory.java:498) ~[spring-kafka-3.3.8.jar:3.3.8]
	at org.springframework.kafka.core.DefaultKafkaConsumerFactory.createRawConsumer(DefaultKafkaConsumerFactory.java:453) ~[spring-kafka-3.3.8.jar:3.3.8]
	at org.springframework.kafka.core.DefaultKafkaConsumerFactory.createKafkaConsumer(DefaultKafkaConsumerFactory.java:430) ~[spring-kafka-3.3.8.jar:3.3.8]
	at org.springframework.kafka.core.DefaultKafkaConsumerFactory.createConsumerWithAdjustedProperties(DefaultKafkaConsumerFactory.java:407) ~[spring-kafka-3.3.8.jar:3.3.8]
	at org.springframework.kafka.core.DefaultKafkaConsumerFactory.createKafkaConsumer(DefaultKafkaConsumerFactory.java:374) ~[spring-kafka-3.3.8.jar:3.3.8]
	at org.springframework.kafka.core.DefaultKafkaConsumerFactory.createConsumer(DefaultKafkaConsumerFactory.java:335) ~[spring-kafka-3.3.8.jar:3.3.8]
	at org.springframework.kafka.listener.KafkaMessageListenerContainer$ListenerConsumer.<init>(KafkaMessageListenerContainer.java:877) ~[spring-kafka-3.3.8.jar:3.3.8]
	at org.springframework.kafka.listener.KafkaMessageListenerContainer.doStart(KafkaMessageListenerContainer.java:388) ~[spring-kafka-3.3.8.jar:3.3.8]
	at org.springframework.kafka.listener.AbstractMessageListenerContainer.start(AbstractMessageListenerContainer.java:520) ~[spring-kafka-3.3.8.jar:3.3.8]
	at org.springframework.kafka.listener.ConcurrentMessageListenerContainer.doStart(ConcurrentMessageListenerContainer.java:264) ~[spring-kafka-3.3.8.jar:3.3.8]
	at org.springframework.kafka.listener.AbstractMessageListenerContainer.start(AbstractMessageListenerContainer.java:520) ~[spring-kafka-3.3.8.jar:3.3.8]
	at org.springframework.kafka.config.KafkaListenerEndpointRegistry.startIfNecessary(KafkaListenerEndpointRegistry.java:436) ~[spring-kafka-3.3.8.jar:3.3.8]
	at org.springframework.kafka.config.KafkaListenerEndpointRegistry.start(KafkaListenerEndpointRegistry.java:382) ~[spring-kafka-3.3.8.jar:3.3.8]
	at org.springframework.context.support.DefaultLifecycleProcessor.doStart(DefaultLifecycleProcessor.java:405) ~[spring-context-6.2.9.jar:6.2.9]
	... 14 common frames omitted
Caused by: org.apache.kafka.common.config.ConfigException: Invalid url in bootstrap.servers: localhost:29092 spring.kafka.consumer.key-deserializer=org.springframework.kafka.support.serializer.ErrorHandlingDeserializer
	at org.apache.kafka.clients.ClientUtils.parseAndValidateAddresses(ClientUtils.java:74) ~[kafka-clients-3.9.1.jar:na]
	at org.apache.kafka.clients.ClientUtils.parseAndValidateAddresses(ClientUtils.java:63) ~[kafka-clients-3.9.1.jar:na]
	at org.apache.kafka.clients.ClientUtils.parseAndValidateAddresses(ClientUtils.java:59) ~[kafka-clients-3.9.1.jar:na]
	at org.apache.kafka.clients.consumer.internals.ClassicKafkaConsumer.<init>(ClassicKafkaConsumer.java:189) ~[kafka-clients-3.9.1.jar:na]
	... 31 common frames omitted

2025-07-31T01:39:09.896+05:00  INFO 11940 --- [main] c.e.n.NotificationServiceApplicationKt   : Starting NotificationServiceApplicationKt using Java 17 with PID 11940 (C:\demo\notification\build\classes\kotlin\main started by novik in C:\demo)
2025-07-31T01:39:09.899+05:00  INFO 11940 --- [main] c.e.n.NotificationServiceApplicationKt   : No active profile set, falling back to 1 default profile: "default"
2025-07-31T01:39:11.109+05:00  INFO 11940 --- [main] .s.d.r.c.RepositoryConfigurationDelegate : Bootstrapping Spring Data JPA repositories in DEFAULT mode.
2025-07-31T01:39:11.135+05:00  INFO 11940 --- [main] .s.d.r.c.RepositoryConfigurationDelegate : Finished Spring Data repository scanning in 17 ms. Found 0 JPA repository interfaces.
2025-07-31T01:39:11.670+05:00  INFO 11940 --- [main] o.s.b.w.embedded.tomcat.TomcatWebServer  : Tomcat initialized with port 8081 (http)
2025-07-31T01:39:11.681+05:00  INFO 11940 --- [main] o.apache.catalina.core.StandardService   : Starting service [Tomcat]
2025-07-31T01:39:11.682+05:00  INFO 11940 --- [main] o.apache.catalina.core.StandardEngine    : Starting Servlet engine: [Apache Tomcat/10.1.43]
2025-07-31T01:39:11.746+05:00  INFO 11940 --- [main] o.a.c.c.C.[Tomcat].[localhost].[/]       : Initializing Spring embedded WebApplicationContext
2025-07-31T01:39:11.746+05:00  INFO 11940 --- [main] w.s.c.ServletWebServerApplicationContext : Root WebApplicationContext: initialization completed in 1800 ms
2025-07-31T01:39:11.965+05:00  INFO 11940 --- [main] o.hibernate.jpa.internal.util.LogHelper  : HHH000204: Processing PersistenceUnitInfo [name: default]
2025-07-31T01:39:12.020+05:00  INFO 11940 --- [main] org.hibernate.Version                    : HHH000412: Hibernate ORM core version 6.6.22.Final
2025-07-31T01:39:12.053+05:00  INFO 11940 --- [main] o.h.c.internal.RegionFactoryInitiator    : HHH000026: Second-level cache disabled
2025-07-31T01:39:12.280+05:00  INFO 11940 --- [main] o.s.o.j.p.SpringPersistenceUnitInfo      : No LoadTimeWeaver setup: ignoring JPA class transformer
2025-07-31T01:39:12.303+05:00  INFO 11940 --- [main] com.zaxxer.hikari.HikariDataSource       : HikariPool-1 - Starting...
2025-07-31T01:39:12.456+05:00  INFO 11940 --- [main] com.zaxxer.hikari.pool.HikariPool        : HikariPool-1 - Added connection org.postgresql.jdbc.PgConnection@4cd5fc46
2025-07-31T01:39:12.459+05:00  INFO 11940 --- [main] com.zaxxer.hikari.HikariDataSource       : HikariPool-1 - Start completed.
2025-07-31T01:39:12.487+05:00  WARN 11940 --- [main] org.hibernate.orm.deprecation            : HHH90000025: PostgreSQLDialect does not need to be specified explicitly using 'hibernate.dialect' (remove the property setting and it will be selected by default)
2025-07-31T01:39:12.504+05:00  INFO 11940 --- [main] org.hibernate.orm.connections.pooling    : HHH10001005: Database info:
	Database JDBC URL [Connecting through datasource 'HikariDataSource (HikariPool-1)']
	Database driver: undefined/unknown
	Database version: 16.1
	Autocommit mode: undefined/unknown
	Isolation level: undefined/unknown
	Minimum pool size: undefined/unknown
	Maximum pool size: undefined/unknown
2025-07-31T01:39:12.754+05:00  INFO 11940 --- [main] o.h.e.t.j.p.i.JtaPlatformInitiator       : HHH000489: No JTA platform available (set 'hibernate.transaction.jta.platform' to enable JTA platform integration)
2025-07-31T01:39:12.760+05:00  INFO 11940 --- [main] j.LocalContainerEntityManagerFactoryBean : Initialized JPA EntityManagerFactory for persistence unit 'default'
2025-07-31T01:39:12.788+05:00  INFO 11940 --- [main] c.e.n.service.ReminderScheduler          : ReminderScheduler started
2025-07-31T01:39:12.857+05:00  WARN 11940 --- [main] JpaBaseConfiguration$JpaWebConfiguration : spring.jpa.open-in-view is enabled by default. Therefore, database queries may be performed during view rendering. Explicitly configure spring.jpa.open-in-view to disable this warning
2025-07-31T01:39:13.382+05:00  INFO 11940 --- [main] o.s.b.a.e.web.EndpointLinksResolver      : Exposing 1 endpoint beneath base path '/actuator'
2025-07-31T01:39:13.513+05:00  INFO 11940 --- [main] o.s.b.w.embedded.tomcat.TomcatWebServer  : Tomcat started on port 8081 (http) with context path '/'
2025-07-31T01:39:13.546+05:00  INFO 11940 --- [main] o.a.k.clients.consumer.ConsumerConfig    : ConsumerConfig values: 
	allow.auto.create.topics = true
	auto.commit.interval.ms = 5000
	auto.include.jmx.reporter = true
	auto.offset.reset = earliest
	bootstrap.servers = [localhost:29092 spring.kafka.consumer.key-deserializer=org.springframework.kafka.support.serializer.ErrorHandlingDeserializer]
	check.crcs = true
	client.dns.lookup = use_all_dns_ips
	client.id = consumer-notification-service-group-1
	client.rack = 
	connections.max.idle.ms = 540000
	default.api.timeout.ms = 60000
	enable.auto.commit = false
	enable.metrics.push = true
	exclude.internal.topics = true
	fetch.max.bytes = 52428800
	fetch.max.wait.ms = 500
	fetch.min.bytes = 1
	group.id = notification-service-group
	group.instance.id = null
	group.protocol = classic
	group.remote.assignor = null
	heartbeat.interval.ms = 3000
	interceptor.classes = []
	internal.leave.group.on.close = true
	internal.throw.on.fetch.stable.offset.unsupported = false
	isolation.level = read_uncommitted
	key.deserializer = class org.springframework.kafka.support.serializer.ErrorHandlingDeserializer
	max.partition.fetch.bytes = 1048576
	max.poll.interval.ms = 300000
	max.poll.records = 500
	metadata.max.age.ms = 300000
	metadata.recovery.strategy = none
	metric.reporters = []
	metrics.num.samples = 2
	metrics.recording.level = INFO
	metrics.sample.window.ms = 30000
	partition.assignment.strategy = [class org.apache.kafka.clients.consumer.RangeAssignor, class org.apache.kafka.clients.consumer.CooperativeStickyAssignor]
	receive.buffer.bytes = 65536
	reconnect.backoff.max.ms = 1000
	reconnect.backoff.ms = 50
	request.timeout.ms = 30000
	retry.backoff.max.ms = 1000
	retry.backoff.ms = 100
	sasl.client.callback.handler.class = null
	sasl.jaas.config = null
	sasl.kerberos.kinit.cmd = /usr/bin/kinit
	sasl.kerberos.min.time.before.relogin = 60000
	sasl.kerberos.service.name = null
	sasl.kerberos.ticket.renew.jitter = 0.05
	sasl.kerberos.ticket.renew.window.factor = 0.8
	sasl.login.callback.handler.class = null
	sasl.login.class = null
	sasl.login.connect.timeout.ms = null
	sasl.login.read.timeout.ms = null
	sasl.login.refresh.buffer.seconds = 300
	sasl.login.refresh.min.period.seconds = 60
	sasl.login.refresh.window.factor = 0.8
	sasl.login.refresh.window.jitter = 0.05
	sasl.login.retry.backoff.max.ms = 10000
	sasl.login.retry.backoff.ms = 100
	sasl.mechanism = GSSAPI
	sasl.oauthbearer.clock.skew.seconds = 30
	sasl.oauthbearer.expected.audience = null
	sasl.oauthbearer.expected.issuer = null
	sasl.oauthbearer.header.urlencode = false
	sasl.oauthbearer.jwks.endpoint.refresh.ms = 3600000
	sasl.oauthbearer.jwks.endpoint.retry.backoff.max.ms = 10000
	sasl.oauthbearer.jwks.endpoint.retry.backoff.ms = 100
	sasl.oauthbearer.jwks.endpoint.url = null
	sasl.oauthbearer.scope.claim.name = scope
	sasl.oauthbearer.sub.claim.name = sub
	sasl.oauthbearer.token.endpoint.url = null
	security.protocol = PLAINTEXT
	security.providers = null
	send.buffer.bytes = 131072
	session.timeout.ms = 45000
	socket.connection.setup.timeout.max.ms = 30000
	socket.connection.setup.timeout.ms = 10000
	ssl.cipher.suites = null
	ssl.enabled.protocols = [TLSv1.2, TLSv1.3]
	ssl.endpoint.identification.algorithm = https
	ssl.engine.factory.class = null
	ssl.key.password = null
	ssl.keymanager.algorithm = SunX509
	ssl.keystore.certificate.chain = null
	ssl.keystore.key = null
	ssl.keystore.location = null
	ssl.keystore.password = null
	ssl.keystore.type = JKS
	ssl.protocol = TLSv1.3
	ssl.provider = null
	ssl.secure.random.implementation = null
	ssl.trustmanager.algorithm = PKIX
	ssl.truststore.certificates = null
	ssl.truststore.location = null
	ssl.truststore.password = null
	ssl.truststore.type = JKS
	value.deserializer = class org.springframework.kafka.support.serializer.ErrorHandlingDeserializer

2025-07-31T01:39:13.587+05:00  INFO 11940 --- [main] o.a.k.c.t.i.KafkaMetricsCollector        : initializing Kafka metrics collector
2025-07-31T01:39:13.804+05:00  INFO 11940 --- [main] o.apache.kafka.common.metrics.Metrics    : Metrics scheduler closed
2025-07-31T01:39:13.804+05:00  INFO 11940 --- [main] o.apache.kafka.common.metrics.Metrics    : Closing reporter org.apache.kafka.common.metrics.JmxReporter
2025-07-31T01:39:13.804+05:00  INFO 11940 --- [main] o.apache.kafka.common.metrics.Metrics    : Closing reporter org.apache.kafka.common.telemetry.internals.ClientTelemetryReporter
2025-07-31T01:39:13.804+05:00  INFO 11940 --- [main] o.apache.kafka.common.metrics.Metrics    : Metrics reporters closed
2025-07-31T01:39:13.807+05:00  INFO 11940 --- [main] o.a.kafka.common.utils.AppInfoParser     : App info kafka.consumer for consumer-notification-service-group-1 unregistered
2025-07-31T01:39:13.811+05:00  INFO 11940 --- [main] o.s.b.w.e.tomcat.GracefulShutdown        : Commencing graceful shutdown. Waiting for active requests to complete
2025-07-31T01:39:14.459+05:00  INFO 11940 --- [tomcat-shutdown] o.s.b.w.e.tomcat.GracefulShutdown        : Graceful shutdown complete
2025-07-31T01:39:14.463+05:00  WARN 11940 --- [main] ConfigServletWebServerApplicationContext : Exception encountered during context initialization - cancelling refresh attempt: org.springframework.context.ApplicationContextException: Failed to start bean 'org.springframework.kafka.config.internalKafkaListenerEndpointRegistry'
2025-07-31T01:39:14.468+05:00  INFO 11940 --- [main] j.LocalContainerEntityManagerFactoryBean : Closing JPA EntityManagerFactory for persistence unit 'default'
2025-07-31T01:39:14.471+05:00  INFO 11940 --- [main] com.zaxxer.hikari.HikariDataSource       : HikariPool-1 - Shutdown initiated...
2025-07-31T01:39:14.491+05:00  INFO 11940 --- [main] com.zaxxer.hikari.HikariDataSource       : HikariPool-1 - Shutdown completed.
2025-07-31T01:39:14.519+05:00  INFO 11940 --- [main] .s.b.a.l.ConditionEvaluationReportLogger : 

Error starting ApplicationContext. To display the condition evaluation report re-run your application with 'debug' enabled.
2025-07-31T01:39:14.551+05:00 ERROR 11940 --- [main] o.s.boot.SpringApplication               : Application run failed

org.springframework.context.ApplicationContextException: Failed to start bean 'org.springframework.kafka.config.internalKafkaListenerEndpointRegistry'
	at org.springframework.context.support.DefaultLifecycleProcessor.doStart(DefaultLifecycleProcessor.java:408) ~[spring-context-6.2.9.jar:6.2.9]
	at org.springframework.context.support.DefaultLifecycleProcessor.doStart(DefaultLifecycleProcessor.java:394) ~[spring-context-6.2.9.jar:6.2.9]
	at org.springframework.context.support.DefaultLifecycleProcessor$LifecycleGroup.start(DefaultLifecycleProcessor.java:586) ~[spring-context-6.2.9.jar:6.2.9]
	at java.base/java.lang.Iterable.forEach(Iterable.java:75) ~[na:na]
	at org.springframework.context.support.DefaultLifecycleProcessor.startBeans(DefaultLifecycleProcessor.java:364) ~[spring-context-6.2.9.jar:6.2.9]
	at org.springframework.context.support.DefaultLifecycleProcessor.onRefresh(DefaultLifecycleProcessor.java:310) ~[spring-context-6.2.9.jar:6.2.9]
	at org.springframework.context.support.AbstractApplicationContext.finishRefresh(AbstractApplicationContext.java:1006) ~[spring-context-6.2.9.jar:6.2.9]
	at org.springframework.context.support.AbstractApplicationContext.refresh(AbstractApplicationContext.java:630) ~[spring-context-6.2.9.jar:6.2.9]
	at org.springframework.boot.web.servlet.context.ServletWebServerApplicationContext.refresh(ServletWebServerApplicationContext.java:146) ~[spring-boot-3.5.4.jar:3.5.4]
	at org.springframework.boot.SpringApplication.refresh(SpringApplication.java:752) ~[spring-boot-3.5.4.jar:3.5.4]
	at org.springframework.boot.SpringApplication.refreshContext(SpringApplication.java:439) ~[spring-boot-3.5.4.jar:3.5.4]
	at org.springframework.boot.SpringApplication.run(SpringApplication.java:318) ~[spring-boot-3.5.4.jar:3.5.4]
	at org.springframework.boot.SpringApplication.run(SpringApplication.java:1361) ~[spring-boot-3.5.4.jar:3.5.4]
	at org.springframework.boot.SpringApplication.run(SpringApplication.java:1350) ~[spring-boot-3.5.4.jar:3.5.4]
	at com.example.notification_service.NotificationServiceApplicationKt.main(NotificationServiceApplication.kt:13) ~[main/:na]
Caused by: org.apache.kafka.common.KafkaException: Failed to construct kafka consumer
	at org.apache.kafka.clients.consumer.internals.ClassicKafkaConsumer.<init>(ClassicKafkaConsumer.java:270) ~[kafka-clients-3.9.1.jar:na]
	at org.apache.kafka.clients.consumer.internals.ConsumerDelegateCreator.create(ConsumerDelegateCreator.java:65) ~[kafka-clients-3.9.1.jar:na]
	at org.apache.kafka.clients.consumer.KafkaConsumer.<init>(KafkaConsumer.java:600) ~[kafka-clients-3.9.1.jar:na]
	at org.apache.kafka.clients.consumer.KafkaConsumer.<init>(KafkaConsumer.java:595) ~[kafka-clients-3.9.1.jar:na]
	at org.springframework.kafka.core.DefaultKafkaConsumerFactory$ExtendedKafkaConsumer.<init>(DefaultKafkaConsumerFactory.java:498) ~[spring-kafka-3.3.8.jar:3.3.8]
	at org.springframework.kafka.core.DefaultKafkaConsumerFactory.createRawConsumer(DefaultKafkaConsumerFactory.java:453) ~[spring-kafka-3.3.8.jar:3.3.8]
	at org.springframework.kafka.core.DefaultKafkaConsumerFactory.createKafkaConsumer(DefaultKafkaConsumerFactory.java:430) ~[spring-kafka-3.3.8.jar:3.3.8]
	at org.springframework.kafka.core.DefaultKafkaConsumerFactory.createConsumerWithAdjustedProperties(DefaultKafkaConsumerFactory.java:407) ~[spring-kafka-3.3.8.jar:3.3.8]
	at org.springframework.kafka.core.DefaultKafkaConsumerFactory.createKafkaConsumer(DefaultKafkaConsumerFactory.java:374) ~[spring-kafka-3.3.8.jar:3.3.8]
	at org.springframework.kafka.core.DefaultKafkaConsumerFactory.createConsumer(DefaultKafkaConsumerFactory.java:335) ~[spring-kafka-3.3.8.jar:3.3.8]
	at org.springframework.kafka.listener.KafkaMessageListenerContainer$ListenerConsumer.<init>(KafkaMessageListenerContainer.java:877) ~[spring-kafka-3.3.8.jar:3.3.8]
	at org.springframework.kafka.listener.KafkaMessageListenerContainer.doStart(KafkaMessageListenerContainer.java:388) ~[spring-kafka-3.3.8.jar:3.3.8]
	at org.springframework.kafka.listener.AbstractMessageListenerContainer.start(AbstractMessageListenerContainer.java:520) ~[spring-kafka-3.3.8.jar:3.3.8]
	at org.springframework.kafka.listener.ConcurrentMessageListenerContainer.doStart(ConcurrentMessageListenerContainer.java:264) ~[spring-kafka-3.3.8.jar:3.3.8]
	at org.springframework.kafka.listener.AbstractMessageListenerContainer.start(AbstractMessageListenerContainer.java:520) ~[spring-kafka-3.3.8.jar:3.3.8]
	at org.springframework.kafka.config.KafkaListenerEndpointRegistry.startIfNecessary(KafkaListenerEndpointRegistry.java:436) ~[spring-kafka-3.3.8.jar:3.3.8]
	at org.springframework.kafka.config.KafkaListenerEndpointRegistry.start(KafkaListenerEndpointRegistry.java:382) ~[spring-kafka-3.3.8.jar:3.3.8]
	at org.springframework.context.support.DefaultLifecycleProcessor.doStart(DefaultLifecycleProcessor.java:405) ~[spring-context-6.2.9.jar:6.2.9]
	... 14 common frames omitted
Caused by: org.apache.kafka.common.config.ConfigException: Invalid url in bootstrap.servers: localhost:29092 spring.kafka.consumer.key-deserializer=org.springframework.kafka.support.serializer.ErrorHandlingDeserializer
	at org.apache.kafka.clients.ClientUtils.parseAndValidateAddresses(ClientUtils.java:74) ~[kafka-clients-3.9.1.jar:na]
	at org.apache.kafka.clients.ClientUtils.parseAndValidateAddresses(ClientUtils.java:63) ~[kafka-clients-3.9.1.jar:na]
	at org.apache.kafka.clients.ClientUtils.parseAndValidateAddresses(ClientUtils.java:59) ~[kafka-clients-3.9.1.jar:na]
	at org.apache.kafka.clients.consumer.internals.ClassicKafkaConsumer.<init>(ClassicKafkaConsumer.java:189) ~[kafka-clients-3.9.1.jar:na]
	... 31 common frames omitted

